
DTXMania powered by YAMAHA Silent Session Drums
Release: 1.0.0.0

2025/02/21 13:00:37.645 [INFO] ----------------------
2025/02/21 13:00:37.648 [INFO] ■ アプリケーションの初期化
2025/02/21 13:00:37.648 [INFO] OS Version: Microsoft Windows NT 10.0.26120.0
2025/02/21 13:00:37.648 [INFO] ProcessorCount: 16
2025/02/21 13:00:37.648 [INFO] CLR Version: 7.0.0
2025/02/21 13:00:37.649 [INFO] スキンの初期化を行います。
2025/02/21 13:00:37.666 [INFO]     SkinPath検出: C:\Users\kirei\Documents\GitHub\L-Taiko\build\System\Moshir's OpenTaiko Skin\
2025/02/21 13:00:37.666 [INFO]     SkinPath検出: C:\Users\kirei\Documents\GitHub\L-Taiko\build\System\Open-World Memories\
2025/02/21 13:00:37.666 [INFO]     SkinPath検出: C:\Users\kirei\Documents\GitHub\L-Taiko\build\System\SimpleStyle (1080p)\
2025/02/21 13:00:37.666 [INFO]     SkinPath入力: C:\Users\kirei\Documents\GitHub\L-Taiko\build\System\Open-World Memories\
2025/02/21 13:00:37.669 [INFO]     SkinPath設定: C:\Users\kirei\Documents\GitHub\L-Taiko\build\System\Open-World Memories\
2025/02/21 13:00:37.670 [WARNING]     ファイルが存在しません。: Sounds\Move.wav
2025/02/21 13:00:37.670 [INFO]     システムサウンドを読み込みました。(Sounds\Move.wav)
2025/02/21 13:00:37.670 [WARNING]     ファイルが存在しません。: Sounds\Decide.wav
2025/02/21 13:00:37.670 [INFO]     システムサウンドを読み込みました。(Sounds\Decide.wav)
2025/02/21 13:00:37.670 [WARNING]     ファイルが存在しません。: Sounds\Change.wav
2025/02/21 13:00:37.670 [INFO]     システムサウンドを読み込みました。(Sounds\Change.wav)
2025/02/21 13:00:37.670 [WARNING]     ファイルが存在しません。: Sounds\Cancel.wav
2025/02/21 13:00:37.670 [INFO]     システムサウンドを読み込みました。(Sounds\Cancel.wav)
2025/02/21 13:00:37.670 [WARNING]     ファイルが存在しません。: Sounds\Audience.ogg
2025/02/21 13:00:37.670 [INFO]     システムサウンドを読み込みました。(Sounds\Audience.ogg)
2025/02/21 13:00:37.670 [WARNING]     ファイルが存在しません。: Sounds\Game start.ogg
2025/02/21 13:00:37.670 [INFO]     システムサウンドを読み込みました。(Sounds\Game start.ogg)
2025/02/21 13:00:37.670 [WARNING]     ファイルが存在しません。: Sounds\Full combo.ogg
2025/02/21 13:00:37.670 [INFO]     システムサウンドを読み込みました。(Sounds\Full combo.ogg)
2025/02/21 13:00:37.670 [WARNING]     ファイルが存在しません。: Sounds\BGM\Title.ogg
2025/02/21 13:00:37.670 [INFO]     システムサウンドを読み込みました。(Sounds\BGM\Title.ogg)
2025/02/21 13:00:37.670 [INFO]     システムサウンドを読み込みました。(Sounds\BGM\SongSelect.ogg)
2025/02/21 13:00:37.671 [WARNING]     ファイルが存在しません。: Sounds\balloon.wav
2025/02/21 13:00:37.671 [INFO]     システムサウンドを読み込みました。(Sounds\balloon.wav)
2025/02/21 13:00:37.671 [WARNING]     ファイルが存在しません。: Sounds\SongDecide.wav
2025/02/21 13:00:37.671 [INFO]     システムサウンドを読み込みました。(Sounds\SongDecide.wav)
2025/02/21 13:00:37.671 [WARNING]     ファイルが存在しません。: Sounds\BGM\Result_In.ogg
2025/02/21 13:00:37.671 [INFO]     システムサウンドを読み込みました。(Sounds\BGM\Result_In.ogg)
2025/02/21 13:00:37.671 [WARNING]     ファイルが存在しません。: Sounds\Resume.ogg
2025/02/21 13:00:37.671 [INFO]     システムサウンドを読み込みました。(Sounds\Resume.ogg)
2025/02/21 13:00:37.671 [INFO]     システムサウンドを読み込みました。(Sounds\Pause.ogg)
2025/02/21 13:00:37.671 [INFO]     システムサウンドを読み込みました。(Sounds\Scroll.ogg)
2025/02/21 13:00:37.671 [INFO]     システムサウンドを読み込みました。(Sounds\Jump Point.ogg)
2025/02/21 13:00:37.671 [INFO]     システムサウンドを読み込みました。(Sounds\Traning Skip.ogg)
2025/02/21 13:00:37.948 [ERROR]     System.IndexOutOfRangeException: Index was outside the bounds of the array.
   at TJAPlayer3.CSkin.t文字列から読み込み(String strAllSettings) in C:\Users\kirei\Downloads\OpenNijiiro-main\OpenNijiiro-main\OpenTaiko\src\Common\CSkin.cs:line 2858
2025/02/21 13:00:37.948 [ERROR]     例外が発生しましたが処理を継続します。 (6a32cc37-1527-412e-968a-512c1f0135cd)
2025/02/21 13:00:37.948 [ERROR]     System.IndexOutOfRangeException: Index was outside the bounds of the array.
   at TJAPlayer3.CSkin.t文字列から読み込み(String strAllSettings) in C:\Users\kirei\Downloads\OpenNijiiro-main\OpenNijiiro-main\OpenTaiko\src\Common\CSkin.cs:line 2867
2025/02/21 13:00:37.948 [ERROR]     例外が発生しましたが処理を継続します。 (6a32cc37-1527-412e-968a-512c1f0135cd)
2025/02/21 13:00:37.949 [ERROR]     System.IndexOutOfRangeException: Index was outside the bounds of the array.
   at TJAPlayer3.CSkin.t文字列から読み込み(String strAllSettings) in C:\Users\kirei\Downloads\OpenNijiiro-main\OpenNijiiro-main\OpenTaiko\src\Common\CSkin.cs:line 8682
2025/02/21 13:00:37.949 [ERROR]     例外が発生しましたが処理を継続します。 (6a32cc37-1527-412e-968a-512c1f0135cd)
2025/02/21 13:00:37.950 [ERROR]     System.FormatException: The input string '0.92f' was not in a correct format.
   at System.Number.ThrowOverflowOrFormatException(ParsingStatus status, ReadOnlySpan`1 value, TypeCode type)
   at System.Single.Parse(String s)
   at TJAPlayer3.CSkin.t文字列から読み込み(String strAllSettings) in C:\Users\kirei\Downloads\OpenNijiiro-main\OpenNijiiro-main\OpenTaiko\src\Common\CSkin.cs:line 6467
2025/02/21 13:00:37.950 [ERROR]     例外が発生しましたが処理を継続します。 (6a32cc37-1527-412e-968a-512c1f0135cd)
2025/02/21 13:00:37.951 [ERROR]     System.IndexOutOfRangeException: Index was outside the bounds of the array.
   at TJAPlayer3.CSkin.t文字列から読み込み(String strAllSettings) in C:\Users\kirei\Downloads\OpenNijiiro-main\OpenNijiiro-main\OpenTaiko\src\Common\CSkin.cs:line 7069
2025/02/21 13:00:37.951 [ERROR]     例外が発生しましたが処理を継続します。 (6a32cc37-1527-412e-968a-512c1f0135cd)
2025/02/21 13:00:37.951 [ERROR]     System.IndexOutOfRangeException: Index was outside the bounds of the array.
   at TJAPlayer3.CSkin.t文字列から読み込み(String strAllSettings) in C:\Users\kirei\Downloads\OpenNijiiro-main\OpenNijiiro-main\OpenTaiko\src\Common\CSkin.cs:line 7079
2025/02/21 13:00:37.951 [ERROR]     例外が発生しましたが処理を継続します。 (6a32cc37-1527-412e-968a-512c1f0135cd)
2025/02/21 13:00:37.952 [ERROR]     System.IndexOutOfRangeException: Index was outside the bounds of the array.
   at TJAPlayer3.CSkin.t文字列から読み込み(String strAllSettings) in C:\Users\kirei\Downloads\OpenNijiiro-main\OpenNijiiro-main\OpenTaiko\src\Common\CSkin.cs:line 7089
2025/02/21 13:00:37.952 [ERROR]     例外が発生しましたが処理を継続します。 (6a32cc37-1527-412e-968a-512c1f0135cd)
2025/02/21 13:00:37.952 [ERROR]     System.IndexOutOfRangeException: Index was outside the bounds of the array.
   at TJAPlayer3.CSkin.t文字列から読み込み(String strAllSettings) in C:\Users\kirei\Downloads\OpenNijiiro-main\OpenNijiiro-main\OpenTaiko\src\Common\CSkin.cs:line 7099
2025/02/21 13:00:37.952 [ERROR]     例外が発生しましたが処理を継続します。 (6a32cc37-1527-412e-968a-512c1f0135cd)
2025/02/21 13:00:37.953 [ERROR]     System.IndexOutOfRangeException: Index was outside the bounds of the array.
   at TJAPlayer3.CSkin.t文字列から読み込み(String strAllSettings) in C:\Users\kirei\Downloads\OpenNijiiro-main\OpenNijiiro-main\OpenTaiko\src\Common\CSkin.cs:line 7109
2025/02/21 13:00:37.953 [ERROR]     例外が発生しましたが処理を継続します。 (6a32cc37-1527-412e-968a-512c1f0135cd)
2025/02/21 13:00:37.953 [ERROR]     System.IndexOutOfRangeException: Index was outside the bounds of the array.
   at TJAPlayer3.CSkin.t文字列から読み込み(String strAllSettings) in C:\Users\kirei\Downloads\OpenNijiiro-main\OpenNijiiro-main\OpenTaiko\src\Common\CSkin.cs:line 7249
2025/02/21 13:00:37.953 [ERROR]     例外が発生しましたが処理を継続します。 (6a32cc37-1527-412e-968a-512c1f0135cd)
2025/02/21 13:00:37.954 [ERROR]     System.IndexOutOfRangeException: Index was outside the bounds of the array.
   at TJAPlayer3.CSkin.t文字列から読み込み(String strAllSettings) in C:\Users\kirei\Downloads\OpenNijiiro-main\OpenNijiiro-main\OpenTaiko\src\Common\CSkin.cs:line 7458
2025/02/21 13:00:37.954 [ERROR]     例外が発生しましたが処理を継続します。 (6a32cc37-1527-412e-968a-512c1f0135cd)
2025/02/21 13:00:37.954 [ERROR]     System.IndexOutOfRangeException: Index was outside the bounds of the array.
   at TJAPlayer3.CSkin.t文字列から読み込み(String strAllSettings) in C:\Users\kirei\Downloads\OpenNijiiro-main\OpenNijiiro-main\OpenTaiko\src\Common\CSkin.cs:line 7740
2025/02/21 13:00:37.954 [ERROR]     例外が発生しましたが処理を継続します。 (6a32cc37-1527-412e-968a-512c1f0135cd)
2025/02/21 13:00:37.955 [ERROR]     System.IndexOutOfRangeException: Index was outside the bounds of the array.
   at TJAPlayer3.CSkin.t文字列から読み込み(String strAllSettings) in C:\Users\kirei\Downloads\OpenNijiiro-main\OpenNijiiro-main\OpenTaiko\src\Common\CSkin.cs:line 7750
2025/02/21 13:00:37.955 [ERROR]     例外が発生しましたが処理を継続します。 (6a32cc37-1527-412e-968a-512c1f0135cd)
2025/02/21 13:00:37.955 [ERROR]     System.IndexOutOfRangeException: Index was outside the bounds of the array.
   at TJAPlayer3.CSkin.t文字列から読み込み(String strAllSettings) in C:\Users\kirei\Downloads\OpenNijiiro-main\OpenNijiiro-main\OpenTaiko\src\Common\CSkin.cs:line 7760
2025/02/21 13:00:37.955 [ERROR]     例外が発生しましたが処理を継続します。 (6a32cc37-1527-412e-968a-512c1f0135cd)
2025/02/21 13:00:37.956 [ERROR]     System.IndexOutOfRangeException: Index was outside the bounds of the array.
   at TJAPlayer3.CSkin.t文字列から読み込み(String strAllSettings) in C:\Users\kirei\Downloads\OpenNijiiro-main\OpenNijiiro-main\OpenTaiko\src\Common\CSkin.cs:line 7770
2025/02/21 13:00:37.956 [ERROR]     例外が発生しましたが処理を継続します。 (6a32cc37-1527-412e-968a-512c1f0135cd)
2025/02/21 13:00:37.956 [ERROR]     System.IndexOutOfRangeException: Index was outside the bounds of the array.
   at TJAPlayer3.CSkin.t文字列から読み込み(String strAllSettings) in C:\Users\kirei\Downloads\OpenNijiiro-main\OpenNijiiro-main\OpenTaiko\src\Common\CSkin.cs:line 3855
2025/02/21 13:00:37.956 [ERROR]     例外が発生しましたが処理を継続します。 (6a32cc37-1527-412e-968a-512c1f0135cd)
2025/02/21 13:00:37.958 [INFO]     スキンの初期化を完了しました。
2025/02/21 13:00:37.965 [INFO]     タイマの初期化を行います。
2025/02/21 13:00:37.965 [INFO]         タイマの初期化を完了しました。
2025/02/21 13:00:37.965 [INFO]     FPSカウンタの初期化を行います。
2025/02/21 13:00:37.965 [INFO]         FPSカウンタを生成しました。
2025/02/21 13:00:37.965 [INFO]     文字コンソールの初期化を行います。
2025/02/21 13:00:37.966 [INFO]         文字コンソールを生成しました。
2025/02/21 13:00:37.995 [INFO]         文字コンソールを活性化しました。
2025/02/21 13:00:37.995 [INFO]         文字コンソールの初期化を完了しました。
2025/02/21 13:00:37.995 [INFO]     DirectInput, MIDI入力の初期化を行います。
2025/02/21 13:00:38.011 [INFO]         Silk.NET Mouse (via GLFW) を生成しました。
2025/02/21 13:00:38.013 [INFO]         DirectInput の初期化を完了しました。
2025/02/21 13:00:38.013 [INFO]     パッドの初期化を行います。
2025/02/21 13:00:38.013 [INFO]         パッドの初期化を完了しました。
2025/02/21 13:00:38.013 [INFO]     サウンドデバイスの初期化を行います。
2025/02/21 13:00:38.016 [INFO]         BASS (WASAPI) の初期化を開始します。
2025/02/21 13:00:38.048 [INFO]         サウンドデバイス一覧:
2025/02/21 13:00:38.055 [INFO]         Sound Device #0: No sound: IsDefault=False, isEnabled=True
2025/02/21 13:00:38.055 [INFO]         Sound Device #1: Default: IsDefault=True, isEnabled=True
2025/02/21 13:00:38.055 [INFO]         Sound Device #2: 2 - VG271 Z (AMD High Definition Audio Device): IsDefault=False, isEnabled=True
2025/02/21 13:00:38.055 [INFO]         Sound Device #3: スピーカー (Realtek(R) Audio): IsDefault=False, isEnabled=True
2025/02/21 13:00:38.055 [INFO]         Sound Device #4: スピーカー (Voice Changer Virtual Audio Device (WDM)): IsDefault=False, isEnabled=True
2025/02/21 13:00:38.055 [INFO]         Sound Device #5: CABLE Input (VB-Audio Virtual Cable): IsDefault=False, isEnabled=True
2025/02/21 13:00:38.055 [INFO]         Sound Device #6: VoiceMeeter Aux Input (VB-Audio VoiceMeeter AUX VAIO): IsDefault=False, isEnabled=True
2025/02/21 13:00:38.055 [INFO]         Sound Device #7: VoiceMeeter Input (VB-Audio VoiceMeeter VAIO): IsDefault=False, isEnabled=True
2025/02/21 13:00:38.055 [INFO]         Sound Device #8: ヘッドホン (Realtek(R) Audio): IsDefault=True, isEnabled=True
2025/02/21 13:00:38.168 [INFO]         WASAPI Device #24: ヘッドホン (Realtek(R) Audio): IsDefault=True, defPeriod=0.010666700080037117s, minperiod=0.003000000026077032s, mixchans=2, mixfreq=48000
2025/02/21 13:00:38.168 [INFO]         Start Bass_Init(device=0(fixed value: no sound), deviceInfo.mixfreq=48000, BASS_DEVICE_DEFAULT, Zero)
2025/02/21 13:00:38.211 [INFO]         BASS を初期化しました。(WASAPI共有モード, 50ms, 更新間隔10.666700080037117ms)
2025/02/21 13:00:38.218 [INFO]         BASS_CONFIG_UpdatePeriod=0
2025/02/21 13:00:38.218 [INFO]         BASS_CONFIG_UpdateThreads=0
2025/02/21 13:00:38.218 [INFO]         Initializing loudness scanning, song gain control, and sound group level control...
2025/02/21 13:00:38.223 [INFO]             LoudnessMetadataScanner.StartBackgroundScanning: BS1770GAIN is not available. A background scanning thread will not be started.
2025/02/21 13:00:38.228 [INFO]         Initialized loudness scanning, song gain control, and sound group level control.
2025/02/21 13:00:38.230 [INFO]         サウンドデバイスの初期化を完了しました。
2025/02/21 13:00:38.230 [INFO]     曲リストの初期化を行います。
2025/02/21 13:00:38.231 [INFO]         曲リストの初期化を完了しました。
SORT MENU: Cacheにヒットせず。(cachesize=1)
絶対パス: Cacheにヒットせず。(cachesize=2)
曲名: Cacheにヒットせず。(cachesize=3)
作者名: Cacheにヒットせず。(cachesize=4)
表示レベル: Cacheにヒットせず。(cachesize=5)
戻る: Cacheにヒットせず。(cachesize=6)
Quick Config: Cacheにヒットせず。(cachesize=1)
ばいそく: Cacheにヒットせず。(cachesize=2)
演奏速度: Cacheにヒットせず。(cachesize=3)
ランダム: Cacheにヒットせず。(cachesize=4)
ドロン: Cacheにヒットせず。(cachesize=5)
ゲーム: Cacheにヒットせず。(cachesize=6)
ShinuchiMode: Cacheにヒットせず。(cachesize=7)
PlayerCount: Cacheにヒットせず。(cachesize=8)
More...: Cacheにヒットせず。(cachesize=9)
戻る: Cacheにヒットせず。(cachesize=10)
ポーズ: Cacheにヒットせず。(cachesize=1)
もどる: Cacheにヒットせず。(cachesize=2)
やりなおす: Cacheにヒットせず。(cachesize=3)
演奏中止: Cacheにヒットせず。(cachesize=4)
初心者: Cacheにヒットせず。(cachesize=1)
1P: Cacheにヒットせず。(cachesize=1)
2P: Cacheにヒットせず。(cachesize=1)
3P: Cacheにヒットせず。(cachesize=1)
4P: Cacheにヒットせず。(cachesize=1)
5P: Cacheにヒットせず。(cachesize=1)
2025/02/21 13:00:38.319 [INFO]     プラグインの検索と生成を行います。
2025/02/21 13:00:38.320 [WARNING]         The plugin folder does not exist. (C:\Users\kirei\Documents\GitHub\L-Taiko\build\Plugins\)
2025/02/21 13:00:38.320 [INFO]         プラグインの検索と生成を完了しました。
2025/02/21 13:00:38.326 [INFO]     アプリケーションの初期化を完了しました。
2025/02/21 13:00:38.326 [INFO]     ----------------------
2025/02/21 13:00:38.326 [INFO]     ■ 起動
2025/02/21 13:00:38.326 [INFO]     起動ステージを活性化します。
2025/02/21 13:00:38.502 [INFO]         起動ステージの活性化を完了しました。
2025/02/21 13:00:38.535 [INFO]     0) システムサウンドを構築します。
2025/02/21 13:00:38.535 [WARNING]     ファイルが存在しません。: Sounds\BGM\Setup.ogg
2025/02/21 13:00:38.535 [WARNING]     ファイルが存在しません。: Sounds\Move.wav
2025/02/21 13:00:38.535 [INFO]     システムサウンドを読み込みました。(Sounds\Move.wav)
2025/02/21 13:00:38.535 [WARNING]     ファイルが存在しません。: Sounds\Decide.wav
2025/02/21 13:00:38.535 [INFO]     システムサウンドを読み込みました。(Sounds\Decide.wav)
2025/02/21 13:00:38.535 [WARNING]     ファイルが存在しません。: Sounds\Change.wav
2025/02/21 13:00:38.535 [INFO]     システムサウンドを読み込みました。(Sounds\Change.wav)
2025/02/21 13:00:38.535 [WARNING]     ファイルが存在しません。: Sounds\Cancel.wav
2025/02/21 13:00:38.535 [INFO]     システムサウンドを読み込みました。(Sounds\Cancel.wav)
2025/02/21 13:00:38.535 [WARNING]     ファイルが存在しません。: Sounds\Audience.ogg
2025/02/21 13:00:38.535 [INFO]     システムサウンドを読み込みました。(Sounds\Audience.ogg)
2025/02/21 13:00:38.536 [WARNING]     ファイルが存在しません。: Sounds\Game start.ogg
2025/02/21 13:00:38.536 [INFO]     システムサウンドを読み込みました。(Sounds\Game start.ogg)
2025/02/21 13:00:38.536 [WARNING]     ファイルが存在しません。: Sounds\Full combo.ogg
2025/02/21 13:00:38.536 [INFO]     システムサウンドを読み込みました。(Sounds\Full combo.ogg)
2025/02/21 13:00:38.536 [WARNING]     ファイルが存在しません。: Sounds\BGM\Title.ogg
2025/02/21 13:00:38.536 [INFO]     システムサウンドを読み込みました。(Sounds\BGM\Title.ogg)
2025/02/21 13:00:38.671 [INFO]     システムサウンドを読み込みました。(Sounds\BGM\SongSelect.ogg)
2025/02/21 13:00:38.671 [WARNING]     ファイルが存在しません。: Sounds\balloon.wav
2025/02/21 13:00:38.671 [INFO]     システムサウンドを読み込みました。(Sounds\balloon.wav)
2025/02/21 13:00:38.671 [WARNING]     ファイルが存在しません。: Sounds\SongDecide.wav
2025/02/21 13:00:38.671 [INFO]     システムサウンドを読み込みました。(Sounds\SongDecide.wav)
2025/02/21 13:00:38.672 [WARNING]     ファイルが存在しません。: Sounds\BGM\Result_In.ogg
2025/02/21 13:00:38.672 [INFO]     システムサウンドを読み込みました。(Sounds\BGM\Result_In.ogg)
2025/02/21 13:00:38.672 [WARNING]     ファイルが存在しません。: Sounds\Resume.ogg
2025/02/21 13:00:38.672 [INFO]     システムサウンドを読み込みました。(Sounds\Resume.ogg)
2025/02/21 13:00:38.683 [INFO]     システムサウンドを読み込みました。(Sounds\Pause.ogg)
2025/02/21 13:00:38.693 [INFO]     システムサウンドを読み込みました。(Sounds\Scroll.ogg)
2025/02/21 13:00:38.703 [INFO]     システムサウンドを読み込みました。(Sounds\Jump Point.ogg)
2025/02/21 13:00:38.715 [INFO]     システムサウンドを読み込みました。(Sounds\Traning Skip.ogg)
2025/02/21 13:00:38.715 [INFO] 起動所要時間: 00:00:00.1806226
2025/02/21 13:00:38.892 [WARNING] テクスチャファイルが見つかりませんでした。(C:\Users\kirei\Documents\GitHub\L-Taiko\build\System\Open-World Memories\Graphics\Overlay.png)
2025/02/21 13:00:39.018 [WARNING] テクスチャファイルが見つかりませんでした。(C:\Users\kirei\Documents\GitHub\L-Taiko\build\System\Open-World Memories\Graphics\1P_NamePlate.png)
2025/02/21 13:00:39.018 [WARNING] テクスチャファイルが見つかりませんでした。(C:\Users\kirei\Documents\GitHub\L-Taiko\build\System\Open-World Memories\Graphics\2P_NamePlate.png)
2025/02/21 13:00:39.018 [WARNING] テクスチャファイルが見つかりませんでした。(C:\Users\kirei\Documents\GitHub\L-Taiko\build\System\Open-World Memories\Graphics\9_NamePlateEffect\GoldMStar.png)
2025/02/21 13:00:39.018 [WARNING] テクスチャファイルが見つかりませんでした。(C:\Users\kirei\Documents\GitHub\L-Taiko\build\System\Open-World Memories\Graphics\9_NamePlateEffect\PurpleMStar.png)
2025/02/21 13:00:39.018 [WARNING] テクスチャファイルが見つかりませんでした。(C:\Users\kirei\Documents\GitHub\L-Taiko\build\System\Open-World Memories\Graphics\9_NamePlateEffect\GoldBStar.png)
2025/02/21 13:00:39.018 [WARNING] テクスチャファイルが見つかりませんでした。(C:\Users\kirei\Documents\GitHub\L-Taiko\build\System\Open-World Memories\Graphics\9_NamePlateEffect\PurpleBStar.png)
2025/02/21 13:00:39.019 [WARNING] テクスチャファイルが見つかりませんでした。(C:\Users\kirei\Documents\GitHub\L-Taiko\build\System\Open-World Memories\Graphics\9_NamePlateEffect\Slash.png)
2025/02/21 13:00:39.021 [ERROR] System.IO.DirectoryNotFoundException: Could not find a part of the path 'C:\Users\kirei\Documents\GitHub\L-Taiko\build\System\Open-World Memories\Graphics\9_NamePlateEffect\Title'.
   at System.IO.Enumeration.FileSystemEnumerator`1.CreateDirectoryHandle(String path, Boolean ignoreNotFound)
   at System.IO.Enumeration.FileSystemEnumerator`1.Init()
   at System.IO.Enumeration.FileSystemEnumerable`1..ctor(String directory, FindTransform transform, EnumerationOptions options, Boolean isNormalized)
   at System.IO.Enumeration.FileSystemEnumerableFactory.UserDirectories(String directory, String expression, EnumerationOptions options)
   at System.IO.Directory.InternalEnumeratePaths(String path, String searchPattern, SearchTarget searchTarget, EnumerationOptions options)
   at System.IO.Directory.GetDirectories(String path, String searchPattern, EnumerationOptions enumerationOptions)
   at TJAPlayer3.TextureLoader.LoadTexture() in C:\Users\kirei\Downloads\OpenNijiiro-main\OpenNijiiro-main\OpenTaiko\src\Stages\01.StartUp\TextureLoader.cs:line 166
   at TJAPlayer3.CStage起動.<Draw>g__loadTexture|6_0() in C:\Users\kirei\Downloads\OpenNijiiro-main\OpenNijiiro-main\OpenTaiko\src\Stages\01.StartUp\CStage起動.cs:line 145
2025/02/21 13:00:40.658 [INFO] 起動ステージを非活性化します。
2025/02/21 13:00:40.660 [INFO]         起動ステージの非活性化を完了しました。
2025/02/21 13:00:40.660 [INFO]     ----------------------
2025/02/21 13:00:40.660 [INFO]     ■ タイトル
2025/02/21 13:00:40.660 [INFO]     タイトルステージを活性化します。
2025/02/21 13:00:42.093 [INFO]         タイトルステージの活性化を完了しました。
